<?xml version="1.0" encoding="UTF-8"?>
<testsuite name="pattern.state.after.PlayerTest" tests="1" skipped="0" failures="0" errors="0" timestamp="2022-10-26T03:36:21" hostname="6161990srcui-MacBookPro.local" time="0.019">
  <properties/>
  <testcase name="player_test()" classname="pattern.state.after.PlayerTest" time="0.019"/>
  <system-out><![CDATA[천천히 달립니다..
Jump 할 줄 모르지롱.
Turn 할 줄 모르지롱.
빨리 달립니다
높이 jump 합니다
높이 jump 합니다
Turn 할 줄 모르지롱.
엄청 빨리 달립니다.
엄청 높게 jump합니다.
엄청 높게 jump합니다.
엄청 높게 jump합니다.
한 바퀴 돕니다.
]]></system-out>
  <system-err><![CDATA[]]></system-err>
</testsuite>
